<?xml version="1.0" encoding="UTF-8"?>
<testng-results ignored="0" total="1" passed="1" failed="0" skipped="0">
  <reporter-output>
  </reporter-output>
  <suite started-at="2026-02-15T09:50:58 IST" name="Default suite" finished-at="2026-02-15T09:50:58 IST" duration-ms="59">
    <groups>
    </groups>
    <test started-at="2026-02-15T09:50:58 IST" name="Default test" finished-at="2026-02-15T09:50:58 IST" duration-ms="59">
      <class name="testcases.Testcase_01">
        <test-method signature="tc()[pri:0, instance:testcases.Testcase_01@7c7b252e]" started-at="2026-02-15T09:50:58 IST" name="tc" finished-at="2026-02-15T09:50:58 IST" duration-ms="12" status="PASS">
          <reporter-output>
          </reporter-output>
        </test-method> <!-- tc -->
      </class> <!-- testcases.Testcase_01 -->
    </test> <!-- Default test -->
  </suite> <!-- Default suite -->
</testng-results>
